<?xml version="1.0" encoding="UTF-8"?>
<testsuite name="TamagotchiTest" tests="1" skipped="0" failures="0" errors="0" timestamp="2016-04-26T17:11:04" hostname="epicodus-31.local" time="0.001">
  <properties/>
  <testcase name="tamagotchi_instantiatesCorrectly" classname="TamagotchiTest" time="0.001"/>
  <system-out><![CDATA[]]></system-out>
  <system-err><![CDATA[]]></system-err>
</testsuite>
